
> Configure project :
SLF4J: Class path contains multiple SLF4J bindings.
SLF4J: Found binding in [jar:file:/Users/sriteja/.gradle/caches/modules-2/files-2.1/com.browserstack/gradle-sdk/1.1.2/2971e675e4dad70f2dc46654e9747984607b7c7b/gradle-sdk-1.1.2.jar!/browserstack/shaded/org/slf4j/impl/StaticLoggerBinder.class]
SLF4J: Found binding in [jar:file:/Users/sriteja/.gradle/caches/modules-2/files-2.1/com.browserstack/browserstack-java-sdk/1.27.1/9b89dac9351228551956809fa80fa6473a178d28/browserstack-java-sdk-1.27.1.jar!/browserstack/shaded/org/slf4j/impl/StaticLoggerBinder.class]
SLF4J: See http://www.slf4j.org/codes.html#multiple_bindings for an explanation.
21:10:54,361 |-INFO in browserstack.shaded.ch.qos.logback.classic.LoggerContext[default] - Could NOT find resource [browserstack-logback-test.xml]
21:10:54,361 |-INFO in browserstack.shaded.ch.qos.logback.classic.LoggerContext[default] - Found resource [browserstack-logback.xml] at [jar:file:/Users/sriteja/.gradle/caches/modules-2/files-2.1/com.browserstack/gradle-sdk/1.1.2/2971e675e4dad70f2dc46654e9747984607b7c7b/gradle-sdk-1.1.2.jar!/browserstack-logback.xml]
21:10:54,362 |-WARN in browserstack.shaded.ch.qos.logback.classic.LoggerContext[default] - Resource [browserstack-logback.xml] occurs multiple times on the classpath.
21:10:54,362 |-WARN in browserstack.shaded.ch.qos.logback.classic.LoggerContext[default] - Resource [browserstack-logback.xml] occurs at [jar:file:/Users/sriteja/.gradle/caches/modules-2/files-2.1/com.browserstack/gradle-sdk/1.1.2/2971e675e4dad70f2dc46654e9747984607b7c7b/gradle-sdk-1.1.2.jar!/browserstack-logback.xml]
21:10:54,362 |-WARN in browserstack.shaded.ch.qos.logback.classic.LoggerContext[default] - Resource [browserstack-logback.xml] occurs at [jar:file:/Users/sriteja/.gradle/caches/modules-2/files-2.1/com.browserstack/browserstack-java-sdk/1.27.1/9b89dac9351228551956809fa80fa6473a178d28/browserstack-java-sdk-1.27.1.jar!/browserstack-logback.xml]
21:10:54,362 |-INFO in browserstack.shaded.ch.qos.logback.core.joran.spi.ConfigurationWatchList@77d35149 - URL [jar:file:/Users/sriteja/.gradle/caches/modules-2/files-2.1/com.browserstack/gradle-sdk/1.1.2/2971e675e4dad70f2dc46654e9747984607b7c7b/gradle-sdk-1.1.2.jar!/browserstack-logback.xml] is not of type file
21:10:54,367 |-INFO in browserstack.shaded.ch.qos.logback.classic.joran.action.ConfigurationAction - debug attribute not set
21:10:54,368 |-INFO in browserstack.shaded.ch.qos.logback.core.joran.action.ConversionRuleAction - registering conversion word customHighlight with class [com.browserstack.CustomHighlightingCompositeConverter]
21:10:54,368 |-INFO in browserstack.shaded.ch.qos.logback.core.joran.action.AppenderAction - About to instantiate appender of type [browserstack.shaded.ch.qos.logback.core.FileAppender]
21:10:54,368 |-INFO in browserstack.shaded.ch.qos.logback.core.joran.action.AppenderAction - Naming appender as [FILEAPPENDER]
21:10:54,368 |-INFO in browserstack.shaded.ch.qos.logback.core.joran.action.NestedComplexPropertyIA - Assuming default type [browserstack.shaded.ch.qos.logback.classic.encoder.PatternLayoutEncoder] for [encoder] property
21:10:54,372 |-INFO in browserstack.shaded.ch.qos.logback.core.FileAppender[FILEAPPENDER] - File property is set to [logs/browserstack-javaagent.log]
21:10:54,372 |-INFO in browserstack.shaded.ch.qos.logback.core.joran.action.AppenderAction - About to instantiate appender of type [browserstack.shaded.ch.qos.logback.core.FileAppender]
21:10:54,372 |-INFO in browserstack.shaded.ch.qos.logback.core.joran.action.AppenderAction - Naming appender as [FILEAPPENDERDEBUG]
21:10:54,373 |-INFO in browserstack.shaded.ch.qos.logback.core.joran.action.NestedComplexPropertyIA - Assuming default type [browserstack.shaded.ch.qos.logback.classic.encoder.PatternLayoutEncoder] for [encoder] property
21:10:54,374 |-INFO in browserstack.shaded.ch.qos.logback.core.FileAppender[FILEAPPENDERDEBUG] - File property is set to [logs/browserstack-javaagent.debug.log]
21:10:54,374 |-INFO in browserstack.shaded.ch.qos.logback.core.joran.action.AppenderAction - About to instantiate appender of type [browserstack.shaded.ch.qos.logback.core.ConsoleAppender]
21:10:54,374 |-INFO in browserstack.shaded.ch.qos.logback.core.joran.action.AppenderAction - Naming appender as [STDOUT]
21:10:54,375 |-INFO in browserstack.shaded.ch.qos.logback.core.joran.action.NestedComplexPropertyIA - Assuming default type [browserstack.shaded.ch.qos.logback.classic.encoder.PatternLayoutEncoder] for [encoder] property
21:10:54,375 |-INFO in browserstack.shaded.ch.qos.logback.classic.joran.action.RootLoggerAction - Setting level of ROOT logger to INFO
21:10:54,375 |-INFO in browserstack.shaded.ch.qos.logback.core.joran.action.AppenderRefAction - Attaching appender named [STDOUT] to Logger[ROOT]
21:10:54,375 |-INFO in browserstack.shaded.ch.qos.logback.classic.joran.action.LoggerAction - Setting level of logger [com.browserstack] to TRACE
21:10:54,375 |-INFO in browserstack.shaded.ch.qos.logback.classic.joran.action.LoggerAction - Setting additivity of logger [com.browserstack] to false
21:10:54,375 |-INFO in browserstack.shaded.ch.qos.logback.core.joran.action.AppenderRefAction - Attaching appender named [FILEAPPENDER] to Logger[com.browserstack]
21:10:54,375 |-INFO in browserstack.shaded.ch.qos.logback.core.joran.action.AppenderRefAction - Attaching appender named [FILEAPPENDERDEBUG] to Logger[com.browserstack]
21:10:54,375 |-INFO in browserstack.shaded.ch.qos.logback.classic.joran.action.LoggerAction - Setting additivity of logger [stdoutPrinter] to false
21:10:54,375 |-INFO in browserstack.shaded.ch.qos.logback.core.joran.action.AppenderRefAction - Attaching appender named [STDOUT] to Logger[stdoutPrinter]
21:10:54,375 |-INFO in browserstack.shaded.ch.qos.logback.classic.joran.action.ConfigurationAction - End of configuration.
21:10:54,375 |-INFO in browserstack.shaded.ch.qos.logback.classic.joran.JoranConfigurator@275d3900 - Registering current configuration as safe fallback point

SLF4J: Actual binding is of type [browserstack.shaded.ch.qos.logback.classic.util.ContextSelectorStaticBinder]

> Task :compileJava
> Task :processResources NO-SOURCE
> Task :classes

> Task :compileTestJava
Note: /Users/sriteja/repos/gradle-junit5/src/test/java/org/example/BrowserStackJunitTest.java uses or overrides a deprecated API.
Note: Recompile with -Xlint:deprecation for details.

> Task :processTestResources NO-SOURCE
> Task :testClasses
> Task :test

Deprecated Gradle features were used in this build, making it incompatible with Gradle 9.0.

You can use '--warning-mode all' to show the individual deprecation warnings and determine if they come from your own scripts or plugins.

For more on this, please refer to https://docs.gradle.org/8.4/userguide/command_line_interface.html#sec:command_line_warnings in the Gradle documentation.

BUILD SUCCESSFUL in 2m 12s
3 actionable tasks: 3 executed
